<?xml version="1.0" encoding="UTF-8"?>
<!-- Generated by org.testng.reporters.JUnitXMLReporter -->
<testsuite hostname="LAPTOP-J8VUTN6J" ignored="0" name="Test" tests="1" failures="1" timestamp="26 May 2020 06:43:56 GMT" time="9.683" errors="0">
  <testcase name="yahoosignup" time="0.793" classname="test.TestPOMYahooSignup">
    <failure type="java.lang.NullPointerException">
      <![CDATA[java.lang.NullPointerException
at generics.Excellibrary.getcellvalue(Excellibrary.java:12)
at pom.POMYahooSignup.yahooSignupMethod(POMYahooSignup.java:43)
at test.TestPOMYahooSignup.yahoosignup(TestPOMYahooSignup.java:14)
... Removed 25 stack frames]]>
    </failure>
  </testcase> <!-- yahoosignup -->
</testsuite> <!-- Test -->
