<?xml version="1.0" encoding="UTF-8"?>
<testng-results skipped="0" failed="0" ignored="0" total="1" passed="1">
  <reporter-output>
  </reporter-output>
  <suite name="Default suite" duration-ms="66195" started-at="2020-05-29T05:57:09Z" finished-at="2020-05-29T05:58:15Z">
    <groups>
    </groups>
    <test name="Default test" duration-ms="66195" started-at="2020-05-29T05:57:09Z" finished-at="2020-05-29T05:58:15Z">
      <class name="com.scripts.ActiTimeLogin.TestCreateEditDeleteTask">
        <test-method status="PASS" signature="openBrowser()[pri:0, instance:com.scripts.ActiTimeLogin.TestCreateEditDeleteTask@64485a47]" name="openBrowser" is-config="true" duration-ms="17693" started-at="2020-05-29T05:57:09Z" finished-at="2020-05-29T05:57:26Z">
          <reporter-output>
          </reporter-output>
        </test-method> <!-- openBrowser -->
        <test-method status="PASS" signature="CreateEditAndDeletetask()[pri:0, instance:com.scripts.ActiTimeLogin.TestCreateEditDeleteTask@64485a47]" name="CreateEditAndDeletetask" duration-ms="48479" started-at="2020-05-29T05:57:26Z" finished-at="2020-05-29T05:58:15Z">
          <reporter-output>
          </reporter-output>
        </test-method> <!-- CreateEditAndDeletetask -->
        <test-method status="PASS" signature="closeBrowser()[pri:0, instance:com.scripts.ActiTimeLogin.TestCreateEditDeleteTask@64485a47]" name="closeBrowser" is-config="true" duration-ms="0" started-at="2020-05-29T05:58:15Z" finished-at="2020-05-29T05:58:15Z">
          <reporter-output>
          </reporter-output>
        </test-method> <!-- closeBrowser -->
      </class> <!-- com.scripts.ActiTimeLogin.TestCreateEditDeleteTask -->
    </test> <!-- Default test -->
  </suite> <!-- Default suite -->
</testng-results>
