<?xml version="1.0" encoding="UTF-8"?>
<testng-results skipped="0" failed="0" ignored="0" total="1" passed="1">
  <reporter-output>
  </reporter-output>
  <suite name="Default suite" duration-ms="55271" started-at="2020-05-27T06:08:29Z" finished-at="2020-05-27T06:09:24Z">
    <groups>
    </groups>
    <test name="Default test" duration-ms="55271" started-at="2020-05-27T06:08:29Z" finished-at="2020-05-27T06:09:24Z">
      <class name="Test.POMcreateAndDeleteLeave">
        <test-method status="PASS" signature="openBrowser()[pri:0, instance:Test.POMcreateAndDeleteLeave@2bbf4b8b]" name="openBrowser" is-config="true" duration-ms="26417" started-at="2020-05-27T06:08:29Z" finished-at="2020-05-27T06:08:56Z">
          <reporter-output>
          </reporter-output>
        </test-method> <!-- openBrowser -->
        <test-method status="PASS" signature="CreateandDeleteLeave()[pri:0, instance:Test.POMcreateAndDeleteLeave@2bbf4b8b]" name="CreateandDeleteLeave" duration-ms="28814" started-at="2020-05-27T06:08:56Z" finished-at="2020-05-27T06:09:24Z">
          <reporter-output>
          </reporter-output>
        </test-method> <!-- CreateandDeleteLeave -->
        <test-method status="PASS" signature="closeBrowser()[pri:0, instance:Test.POMcreateAndDeleteLeave@2bbf4b8b]" name="closeBrowser" is-config="true" duration-ms="0" started-at="2020-05-27T06:09:24Z" finished-at="2020-05-27T06:09:24Z">
          <reporter-output>
          </reporter-output>
        </test-method> <!-- closeBrowser -->
      </class> <!-- Test.POMcreateAndDeleteLeave -->
    </test> <!-- Default test -->
  </suite> <!-- Default suite -->
</testng-results>
